<?xml version="1.0" encoding="UTF-8"?>
<!-- Generated by org.testng.reporters.JUnitXMLReporter -->
<testsuite hostname="MLDCSRGEOD01-VM" name="cosacProject Chrome Test15" tests="3" failures="0" timestamp="11 May 2020 05:55:06 GMT" time="18.109" errors="0">
  <testcase name="StockAllocation" time="2.4" classname="com.cosac.TestCases.COS15_StockAllocation"/>
  <testcase name="createStockAllocation" time="8.128" classname="com.cosac.TestCases.COS15_StockAllocation"/>
  <testcase name="SearchStockAllocation" time="2.405" classname="com.cosac.TestCases.COS15_StockAllocation"/>
</testsuite> <!-- cosacProject Chrome Test15 -->
