<?xml version="1.0" encoding="UTF-8"?>
<!-- Generated by org.testng.reporters.JUnitXMLReporter -->
<testsuite hostname="MLDCSRGEOD01-VM" name="cosacProject Chrome Test4" tests="2" failures="0" timestamp="12 May 2020 09:44:03 GMT" time="109.756" errors="0">
  <testcase name="create_GoodsRcpt" time="3.447" classname="com.cosac.TestCases.COS17_GoodsReceipt"/>
  <testcase name="GoodsRecieptForm" time="98.777" classname="com.cosac.TestCases.COS17_GoodsReceipt"/>
</testsuite> <!-- cosacProject Chrome Test4 -->
