<?xml version="1.0" encoding="UTF-8"?>
<!-- Generated by org.testng.reporters.JUnitXMLReporter -->
<testsuite hostname="MLDCSRGEOD01-VM" name="cosacProject Chrome Test3" tests="2" failures="0" timestamp="11 May 2020 12:51:29 GMT" time="36.483" errors="0">
  <testcase name="create_VendorForm" time="23.492" classname="com.cosac.TestCases.Cos03_VendorCreation"/>
  <testcase name="vendor_Search" time="6.818" classname="com.cosac.TestCases.Cos03_VendorCreation"/>
</testsuite> <!-- cosacProject Chrome Test3 -->
