<?xml version="1.0" encoding="UTF-8"?>
<!-- Generated by org.testng.reporters.JUnitXMLReporter -->
<testsuite hostname="MLDCSRGEOD01-VM" name="cosacProject Chrome Test17" tests="3" failures="0" timestamp="11 May 2020 05:56:08 GMT" time="18.396" errors="0">
  <testcase name="StockRequisition" time="2.948" classname="com.cosac.TestCases.COS16_StockRequisitionProcess"/>
  <testcase name="createStockRequisition" time="7.94" classname="com.cosac.TestCases.COS16_StockRequisitionProcess"/>
  <testcase name="SearchStockRequisition" time="2.327" classname="com.cosac.TestCases.COS16_StockRequisitionProcess"/>
</testsuite> <!-- cosacProject Chrome Test17 -->
