<?xml version="1.0" encoding="UTF-8"?>
<!-- Generated by org.testng.reporters.JUnitXMLReporter -->
<testsuite hostname="MLDCSRGEOD01-VM" name="cosacProject Chrome Test9" tests="2" failures="0" timestamp="12 May 2020 11:07:27 GMT" time="168.606" errors="0">
  <testcase name="ComboProduct" time="151.431" classname="com.cosac.TestCases.COS09_ComboProductCreation"/>
  <testcase name="CreateCombo" time="6.894" classname="com.cosac.TestCases.COS09_ComboProductCreation"/>
</testsuite> <!-- cosacProject Chrome Test9 -->
