<?xml version="1.0" encoding="UTF-8"?>
<!-- Generated by org.testng.reporters.JUnitXMLReporter -->
<testsuite hostname="MLDCSRGEOD01-VM" name="cosacProject Chrome Test10" tests="2" failures="0" timestamp="12 May 2020 09:17:11 GMT" time="63.484" errors="0">
  <testcase name="LocalProduct" time="20.784" classname="com.cosac.TestCases.COS06_LocalProductCreation"/>
  <testcase name="createLocationForm" time="32.213" classname="com.cosac.TestCases.COS06_LocalProductCreation"/>
</testsuite> <!-- cosacProject Chrome Test10 -->
