<?xml version="1.0" encoding="UTF-8"?>
<!-- Generated by org.testng.reporters.JUnitXMLReporter -->
<testsuite hostname="MLDCSRGEOD01-VM" name="cosacProject Chrome Test21" tests="6" failures="0" timestamp="11 May 2020 13:52:51 GMT" time="667.078" errors="0">
  <testcase name="warrantysales_Report" time="114.029" classname="com.cosac.TestCases.COS85_WarrantyReports"/>
  <testcase name="WarrantyDueRenewal_Report" time="53.557" classname="com.cosac.TestCases.COS85_WarrantyReports"/>
  <testcase name="WarantyReturn_Reports" time="127.829" classname="com.cosac.TestCases.COS85_WarrantyReports"/>
  <testcase name="WarrantyHitRate_Report" time="157.6" classname="com.cosac.TestCases.COS85_WarrantyReports"/>
  <testcase name="secondSolitaion_CandidatesReports" time="158.314" classname="com.cosac.TestCases.COS85_WarrantyReports"/>
  <testcase name="brokerwarranty_Transactionsreports" time="48.067" classname="com.cosac.TestCases.COS85_WarrantyReports"/>
</testsuite> <!-- cosacProject Chrome Test21 -->
