<?xml version="1.0" encoding="UTF-8"?>
<!-- Generated by org.testng.reporters.JUnitXMLReporter -->
<testsuite hostname="MLDCSRGEOD01-VM" name="cosacProject Chrome Test16" tests="2" failures="0" timestamp="11 May 2020 05:56:38 GMT" time="29.278" errors="0">
  <testcase name="VendorReturns" time="3.833" classname="com.cosac.TestCases.COS23_CreateVendorReturns"/>
  <testcase name="SearchVendorReturns" time="20.324" classname="com.cosac.TestCases.COS23_CreateVendorReturns"/>
</testsuite> <!-- cosacProject Chrome Test16 -->
