<?xml version="1.0" encoding="UTF-8"?>
<!-- Generated by org.testng.reporters.JUnitXMLReporter -->
<testsuite hostname="MLDCSRGEOD01-VM" name="cosacProject Chrome Test23" tests="2" failures="0" timestamp="11 May 2020 13:53:34 GMT" time="26.383" errors="0">
  <testcase name="SRFinancialReport" time="2.327" classname="com.cosac.TestCases.COS77_ServiceRequestFinancialReport"/>
  <testcase name="verifyBuyerSalesReport" time="18.684" classname="com.cosac.TestCases.COS77_ServiceRequestFinancialReport"/>
</testsuite> <!-- cosacProject Chrome Test23 -->
