<?xml version="1.0" encoding="UTF-8"?>
<!-- Generated by org.testng.reporters.JUnitXMLReporter -->
<testsuite hostname="MLDCSRGEOD01-VM" name="cosacProject Chrome Test8" tests="2" failures="0" timestamp="12 May 2020 10:12:14 GMT" time="45.893" errors="0">
  <testcase name="saprePartCreation" time="4.688" classname="com.cosac.TestCases.COS10_SparePartsProductCreation"/>
  <testcase name="verifysaprePartCreation" time="31.648" classname="com.cosac.TestCases.COS10_SparePartsProductCreation"/>
</testsuite> <!-- cosacProject Chrome Test8 -->
