<?xml version="1.0" encoding="UTF-8"?>
<!-- Generated by org.testng.reporters.JUnitXMLReporter -->
<testsuite hostname="LAPTOP-L4SBH93J" ignored="0" name="cosacProject Test" tests="2" failures="0" timestamp="07 Feb 2020 10:15:35 GMT" time="45.245" errors="0">
  <testcase name="location" time="27.543" classname="com.cosac.TestCases.COS01_LocationCreation"/>
  <testcase name="createLocationForm" time="5.874" classname="com.cosac.TestCases.COS01_LocationCreation"/>
</testsuite> <!-- cosacProject Test -->
