<?xml version="1.0" encoding="UTF-8"?>
<!-- Generated by org.testng.reporters.JUnitXMLReporter -->
<testsuite hostname="MLDCSRGEOD01-VM" name="cosacProject Chrome Test22" tests="2" failures="0" timestamp="11 May 2020 13:53:07 GMT" time="16.359" errors="0">
  <testcase name="OutstandingSRPerProdDept" time="2.817" classname="com.cosac.TestCases.COS83_OutstandingSRForProdDept"/>
  <testcase name="OutstandingSRProdDept" time="5.644" classname="com.cosac.TestCases.COS83_OutstandingSRForProdDept"/>
</testsuite> <!-- cosacProject Chrome Test22 -->
