<?xml version="1.0" encoding="UTF-8"?>
<!-- Generated by org.testng.reporters.JUnitXMLReporter -->
<testsuite hostname="MLDCSRGEOD01-VM" name="cosacProject Chrome Test1" tests="3" failures="0" timestamp="11 May 2020 12:34:20 GMT" time="29.139" errors="0">
  <testcase name="location" time="3.329" classname="com.cosac.TestCases.COS01_LocationCreation"/>
  <testcase name="createLocationForm" time="8.104" classname="com.cosac.TestCases.COS01_LocationCreation"/>
  <testcase name="search_Location" time="9.146" classname="com.cosac.TestCases.COS01_LocationCreation"/>
</testsuite> <!-- cosacProject Chrome Test1 -->
