<?xml version="1.0" encoding="UTF-8"?>
<!-- Generated by org.testng.reporters.JUnitXMLReporter -->
<testsuite hostname="MLDCSRGEOD01-VM" name="cosacProject Chrome Test13" tests="4" failures="1" timestamp="11 May 2020 12:30:07 GMT" time="68.044" errors="0">
  <testcase name="RegularStock" time="8.866" classname="com.cosac.TestCases.COS05_RegularStock"/>
  <testcase name="CreateRegularStock" time="28.401" classname="com.cosac.TestCases.COS05_RegularStock"/>
  <testcase name="ProductDetails" time="2.436" classname="com.cosac.TestCases.COS05_RegularStock">
    <failure type="java.lang.NullPointerException">
      <![CDATA[java.lang.NullPointerException
	at com.cosac.PageObject.Library$Interaction.click(Library.java:107)
	at com.cosac.TestCases.COS05_RegularStock.ProductDetails(COS05_RegularStock.java:164)
... Removed 25 stack frames]]>
    </failure>
  </testcase> <!-- ProductDetails -->
  <testcase name="ProductEnquiry" time="0.0" classname="com.cosac.TestCases.COS05_RegularStock">
    <skipped/>
  </testcase> <!-- ProductEnquiry -->
</testsuite> <!-- cosacProject Chrome Test13 -->
