<?xml version="1.0" encoding="UTF-8"?>
<!-- Generated by org.testng.reporters.JUnitXMLReporter -->
<testsuite hostname="MLDCSRGEOD01-VM" name="cosacProject Chrome Test" tests="3" failures="0" timestamp="9 Mar 2020 05:33:51 GMT" time="25.66" errors="0">
  <testcase name="location" time="2.758" classname="com.cosac.TestCases.COS01_LocationCreation"/>
  <testcase name="createLocationForm" time="8.486" classname="com.cosac.TestCases.COS01_LocationCreation"/>
  <testcase name="search_Location" time="8.686" classname="com.cosac.TestCases.COS01_LocationCreation"/>
</testsuite> <!-- cosacProject Chrome Test -->
