<?xml version="1.0" encoding="UTF-8"?>
<!-- Generated by org.testng.reporters.JUnitXMLReporter -->
<testsuite hostname="MLDCSRGEOD01-VM" name="cosacProject Chrome Test2" tests="2" failures="0" timestamp="11 May 2020 12:50:52 GMT" time="39.746" errors="0">
  <testcase name="createLocal_VendorForm" time="23.803" classname="com.cosac.TestCases.COS04_LocalVendorCreation"/>
  <testcase name="vendor_Search" time="6.906" classname="com.cosac.TestCases.COS04_LocalVendorCreation"/>
</testsuite> <!-- cosacProject Chrome Test2 -->
