<?xml version="1.0" encoding="UTF-8"?>
<!-- Generated by org.testng.reporters.JUnitXMLReporter -->
<testsuite hostname="MLDCSRGEOD01-VM" name="cosacProject Chrome Test12" tests="2" failures="0" timestamp="12 May 2020 11:10:49 GMT" time="42.537" errors="0">
  <testcase name="Reports_WarehouseOversupply" time="2.42" classname="com.cosac.TestCases.COS103_Merchandising_Warehouse_OverSupply"/>
  <testcase name="Reports_WarehouseOversupply1" time="32.641" classname="com.cosac.TestCases.COS103_Merchandising_Warehouse_OverSupply"/>
</testsuite> <!-- cosacProject Chrome Test12 -->
